<?xml version="1.0" encoding="UTF-8"?>
<!-- Generated by org.testng.reporters.JUnitReportReporter -->
<testsuite hostname="CO-PF2E2G19" failures="0" tests="1" name="prueba.prue1" time="23.719" errors="0" timestamp="2022-01-12T16:27:24 COT" skipped="0">
  <testcase classname="prueba.prue1" name="ConfiguracionPrevia" time="23.719"/>
  <system-out/>
</testsuite> <!-- prueba.prue1 -->
